Arguments: 
  /usr/local/Cellar/node/8.6.0/bin/node /usr/local/Cellar/yarn/1.1.0/libexec/bin/yarn.js add axios body-parser express morgan path

PATH: 
  /Users/daria/bin:/usr/local/bin:/usr/local/bin:/usr/bin:/bin:/usr/sbin:/sbin:/usr/local/MacGPG2/bin:/Users/daria/.rvm/bin

Yarn version: 
  1.1.0

Node version: 
  8.6.0

Platform: 
  darwin x64

npm manifest: 
  {
    "name": "2109",
    "version": "1.0.0",
    "main": "index.js",
    "license": "MIT"
  }

yarn manifest: 
  No manifest

Lockfile: 
  No lockfile

Trace: 
  Error: https://registry.yarnpkg.com/axios: ETIMEDOUT
      at Timeout._onTimeout (/usr/local/Cellar/yarn/1.1.0/libexec/lib/cli.js:122581:19)
      at ontimeout (timers.js:469:11)
      at tryOnTimeout (timers.js:304:5)
      at Timer.listOnTimeout (timers.js:264:5)
